01:56:00,106 (AWT-EventQueue-0) DEBUG [DataNucleus.Persistence] - ExecutionContext "org.datanucleus.ExecutionContextImpl@759045c3" se abrió para la base de datos "org.datanucleus.store.rdbms.RDBMSStoreManager@376dc464" con transaccion="org.datanucleus.TransactionImpl@622383a0"
01:56:00,117 (AWT-EventQueue-0) DEBUG [DataNucleus.Query] - Query de SQL : "SET TRANSACTION READ ONLY;SELECT * FROM CARRITO WHERE EMAIL_CLIENTE = ? AND id_sucursal = ?"
01:56:00,125 (AWT-EventQueue-0) DEBUG [DataNucleus.Connection] - ManagedConnection ABIERTO : "org.datanucleus.store.rdbms.ConnectionFactoryImpl$ManagedConnectionImpl@2b8c9ff6 [conn=org.datanucleus.store.rdbms.datasource.dbcp2.PoolingDataSource$PoolGuardConnectionWrapper@145b60, commitOnRelease=true, closeOnRelease=true, closeOnTxnEnd=true]" en resource "nontx" con isolación "read-committed" y auto-commit=false
01:56:00,155 (AWT-EventQueue-0) DEBUG [DataNucleus.Datastore] - Utilizando PreparedStatement "oracle.jdbc.driver.OraclePreparedStatementWrapper@3d9fdb2" para la conneccion "org.datanucleus.store.rdbms.datasource.dbcp2.PoolingDataSource$PoolGuardConnectionWrapper@145b60"
01:56:00,158 (AWT-EventQueue-0) DEBUG [DataNucleus.Datastore.Native] - SET TRANSACTION READ ONLY;SELECT * FROM CARRITO WHERE EMAIL_CLIENTE = <'prueba'> AND id_sucursal = <1>
01:56:00,218 (AWT-EventQueue-0) DEBUG [DataNucleus.Datastore] - Cerrando PreparedStatement "org.datanucleus.store.rdbms.ParamLoggingPreparedStatement@7fd8a4a"
01:56:00,218 (AWT-EventQueue-0) DEBUG [DataNucleus.Connection] - ManagedConnection VA A COMMIT : "org.datanucleus.store.rdbms.ConnectionFactoryImpl$ManagedConnectionImpl@2b8c9ff6 [conn=org.datanucleus.store.rdbms.datasource.dbcp2.PoolingDataSource$PoolGuardConnectionWrapper@145b60, commitOnRelease=true, closeOnRelease=true, closeOnTxnEnd=true]"
01:56:00,237 (AWT-EventQueue-0) DEBUG [DataNucleus.Connection] - ManagedConnection CERRADO : "org.datanucleus.store.rdbms.ConnectionFactoryImpl$ManagedConnectionImpl@2b8c9ff6 [conn=org.datanucleus.store.rdbms.datasource.dbcp2.PoolingDataSource$PoolGuardConnectionWrapper@145b60, commitOnRelease=true, closeOnRelease=true, closeOnTxnEnd=true]" 
02:03:54,570 (main) DEBUG [DataNucleus.General] - Using PluginRegistry org.datanucleus.plugin.NonManagedPluginRegistry
02:03:54,592 (main) DEBUG [DataNucleus.General] - Registering bundle org.datanucleus.api.jdo version 5.1.7 at URL file:/C:/Users/Andres/Proyectos/Sistrans/It1_A-01_ms.andrade_af.rodriguezm1/lib/datanucleus-api-jdo-5.1.7.jar.
02:03:54,610 (main) DEBUG [DataNucleus.General] - Leyendo extension-points y extensiones del archivo de plug-in jar:file:/C:/Users/Andres/Proyectos/Sistrans/It1_A-01_ms.andrade_af.rodriguezm1/lib/datanucleus-api-jdo-5.1.7.jar!/plugin.xml.
02:03:54,617 (main) DEBUG [DataNucleus.General] - Registering bundle org.datanucleus version 5.1.10 at URL file:/C:/Users/Andres/Proyectos/Sistrans/It1_A-01_ms.andrade_af.rodriguezm1/lib/datanucleus-core-5.1.10.jar.
02:03:54,621 (main) DEBUG [DataNucleus.General] - Leyendo extension-points y extensiones del archivo de plug-in jar:file:/C:/Users/Andres/Proyectos/Sistrans/It1_A-01_ms.andrade_af.rodriguezm1/lib/datanucleus-core-5.1.10.jar!/plugin.xml.
02:03:54,627 (main) DEBUG [DataNucleus.General] - Registering bundle org.datanucleus.store.rdbms version 5.1.10 at URL file:/C:/Users/Andres/Proyectos/Sistrans/It1_A-01_ms.andrade_af.rodriguezm1/lib/datanucleus-rdbms-5.1.10.jar.
02:03:54,631 (main) DEBUG [DataNucleus.General] - Leyendo extension-points y extensiones del archivo de plug-in jar:file:/C:/Users/Andres/Proyectos/Sistrans/It1_A-01_ms.andrade_af.rodriguezm1/lib/datanucleus-rdbms-5.1.10.jar!/plugin.xml.
02:03:54,655 (main) DEBUG [DataNucleus.MetaData] - Analizando el MetaData "file:/C:/Users/Andres/Proyectos/Sistrans/It1_A-01_ms.andrade_af.rodriguezm1/bin/META-INF/persistence.xml" con handler "persistence" (validar="false")
02:03:54,671 (main) DEBUG [DataNucleus.Persistence] - Tipos de Java inicializando ...
02:03:54,710 (main) DEBUG [DataNucleus.Persistence] - Soporte para tipos de Java listo : tipos soportados = [B, [C, [D, [F, [I, [J, [Ljava.lang.Boolean;, [Ljava.lang.Byte;, [Ljava.lang.Character;, [Ljava.lang.Double;, [Ljava.lang.Enum;, [Ljava.lang.Float;, [Ljava.lang.Integer;, [Ljava.lang.Long;, [Ljava.lang.Number;, [Ljava.lang.Object;, [Ljava.lang.Short;, [Ljava.lang.String;, [Ljava.math.BigDecimal;, [Ljava.math.BigInteger;, [Ljava.util.Date;, [Ljava.util.Locale;, [S, [Z, boolean, byte, char, double, float, int, java.awt.Color, java.awt.image.BufferedImage, java.lang.Boolean, java.lang.Byte, java.lang.Character, java.lang.Class, java.lang.Double, java.lang.Enum, java.lang.Float, java.lang.Integer, java.lang.Long, java.lang.Number, java.lang.Short, java.lang.String, java.lang.StringBuffer, java.lang.StringBuilder, java.math.BigDecimal, java.math.BigInteger, java.net.URI, java.net.URL, java.sql.Date, java.sql.Time, java.sql.Timestamp, java.time.Duration, java.time.Instant, java.time.LocalDate, java.time.LocalDateTime, java.time.LocalTime, java.time.MonthDay, java.time.OffsetDateTime, java.time.OffsetTime, java.time.Period, java.time.Year, java.time.YearMonth, java.time.ZonedDateTime, java.time.ZoneId, java.time.ZoneOffset, java.util.ArrayList, java.util.Arrays$ArrayList, java.util.BitSet, java.util.Calendar, java.util.Collection, java.util.Currency, java.util.Date, java.util.GregorianCalendar, java.util.HashMap, java.util.HashSet, java.util.Hashtable, java.util.LinkedHashMap, java.util.LinkedHashSet, java.util.LinkedList, java.util.List, java.util.Locale, java.util.Map, java.util.Optional, java.util.PriorityQueue, java.util.Properties, java.util.Queue, java.util.Set, java.util.SortedMap, java.util.SortedSet, java.util.Stack, java.util.TimeZone, java.util.TreeMap, java.util.TreeSet, java.util.UUID, java.util.Vector, long, short
02:03:54,710 (main) DEBUG [DataNucleus.Persistence] - Inicializando TypeConverters ...
02:03:54,737 (main) DEBUG [DataNucleus.Persistence] - TypeConverters listo
02:03:54,738 (main) DEBUG [DataNucleus.Persistence] - TypeConverter(s) available for byte[] to : java.nio.ByteBuffer
02:03:54,738 (main) DEBUG [DataNucleus.Persistence] - TypeConverter(s) available for char[] to : java.nio.ByteBuffer
02:03:54,738 (main) DEBUG [DataNucleus.Persistence] - TypeConverter(s) available for double[] to : java.nio.ByteBuffer
02:03:54,738 (main) DEBUG [DataNucleus.Persistence] - TypeConverter(s) available for float[] to : java.nio.ByteBuffer
02:03:54,738 (main) DEBUG [DataNucleus.Persistence] - TypeConverter(s) available for int[] to : java.nio.ByteBuffer
02:03:54,738 (main) DEBUG [DataNucleus.Persistence] - TypeConverter(s) available for long[] to : java.nio.ByteBuffer
02:03:54,738 (main) DEBUG [DataNucleus.Persistence] - TypeConverter(s) available for [Ljava.math.BigDecimal; to : java.nio.ByteBuffer
02:03:54,738 (main) DEBUG [DataNucleus.Persistence] - TypeConverter(s) available for [Ljava.math.BigInteger; to : java.nio.ByteBuffer
02:03:54,738 (main) DEBUG [DataNucleus.Persistence] - TypeConverter(s) available for short[] to : java.nio.ByteBuffer
02:03:54,738 (main) DEBUG [DataNucleus.Persistence] - TypeConverter(s) available for boolean[] to : java.nio.ByteBuffer
02:03:54,738 (main) DEBUG [DataNucleus.Persistence] - TypeConverter(s) available for java.awt.Color to : java.lang.String,int[]
02:03:54,739 (main) DEBUG [DataNucleus.Persistence] - TypeConverter(s) available for java.awt.image.BufferedImage to : byte[],java.nio.ByteBuffer
02:03:54,739 (main) DEBUG [DataNucleus.Persistence] - TypeConverter(s) available for java.io.Serializable to : byte[],java.lang.String,java.nio.ByteBuffer
02:03:54,739 (main) DEBUG [DataNucleus.Persistence] - TypeConverter(s) available for java.lang.Boolean to : java.lang.Character,java.lang.Integer
02:03:54,739 (main) DEBUG [DataNucleus.Persistence] - TypeConverter(s) available for java.lang.Character to : java.lang.String
02:03:54,739 (main) DEBUG [DataNucleus.Persistence] - TypeConverter(s) available for java.lang.Class to : java.lang.String
02:03:54,739 (main) DEBUG [DataNucleus.Persistence] - TypeConverter(s) available for java.lang.Integer to : java.lang.String
02:03:54,739 (main) DEBUG [DataNucleus.Persistence] - TypeConverter(s) available for java.lang.Long to : java.lang.String
02:03:54,739 (main) DEBUG [DataNucleus.Persistence] - TypeConverter(s) available for java.lang.StringBuffer to : java.lang.String
02:03:54,739 (main) DEBUG [DataNucleus.Persistence] - TypeConverter(s) available for java.lang.StringBuilder to : java.lang.String
02:03:54,739 (main) DEBUG [DataNucleus.Persistence] - TypeConverter(s) available for java.math.BigDecimal to : java.lang.Double,java.lang.String
02:03:54,739 (main) DEBUG [DataNucleus.Persistence] - TypeConverter(s) available for java.math.BigInteger to : java.lang.String,java.lang.Long
02:03:54,739 (main) DEBUG [DataNucleus.Persistence] - TypeConverter(s) available for java.net.URI to : java.lang.String
02:03:54,739 (main) DEBUG [DataNucleus.Persistence] - TypeConverter(s) available for java.net.URL to : java.lang.String
02:03:54,739 (main) DEBUG [DataNucleus.Persistence] - TypeConverter(s) available for java.sql.Date to : java.lang.String,java.lang.Long,java.util.Date
02:03:54,739 (main) DEBUG [DataNucleus.Persistence] - TypeConverter(s) available for java.sql.Time to : java.lang.String,java.lang.Long,java.util.Date
02:03:54,739 (main) DEBUG [DataNucleus.Persistence] - TypeConverter(s) available for java.sql.Timestamp to : java.lang.String,java.lang.Long,java.util.Date
02:03:54,739 (main) DEBUG [DataNucleus.Persistence] - TypeConverter(s) available for java.time.Duration to : java.lang.Double,java.lang.String,java.lang.Long
02:03:54,739 (main) DEBUG [DataNucleus.Persistence] - TypeConverter(s) available for java.time.Instant to : java.lang.String,java.lang.Long,java.sql.Timestamp,java.util.Date
02:03:54,740 (main) DEBUG [DataNucleus.Persistence] - TypeConverter(s) available for java.time.LocalDate to : java.lang.String,java.sql.Date,java.util.Date
02:03:54,740 (main) DEBUG [DataNucleus.Persistence] - TypeConverter(s) available for java.time.LocalDateTime to : java.lang.String,java.sql.Timestamp,java.util.Date
02:03:54,740 (main) DEBUG [DataNucleus.Persistence] - TypeConverter(s) available for java.time.LocalTime to : java.lang.String,java.lang.Long,java.util.Date,java.sql.Time
02:03:54,740 (main) DEBUG [DataNucleus.Persistence] - TypeConverter(s) available for java.time.MonthDay to : java.lang.String,int[],java.sql.Date,java.util.Date
02:03:54,740 (main) DEBUG [DataNucleus.Persistence] - TypeConverter(s) available for java.time.OffsetDateTime to : java.lang.String,java.sql.Timestamp,java.util.Date
02:03:54,740 (main) DEBUG [DataNucleus.Persistence] - TypeConverter(s) available for java.time.OffsetTime to : java.lang.String,java.lang.Long,java.sql.Time
02:03:54,740 (main) DEBUG [DataNucleus.Persistence] - TypeConverter(s) available for java.time.Period to : java.lang.String,int[]
02:03:54,740 (main) DEBUG [DataNucleus.Persistence] - TypeConverter(s) available for java.time.Year to : java.lang.String,java.lang.Integer
02:03:54,740 (main) DEBUG [DataNucleus.Persistence] - TypeConverter(s) available for java.time.YearMonth to : java.lang.String,int[],java.sql.Date,java.util.Date
02:03:54,740 (main) DEBUG [DataNucleus.Persistence] - TypeConverter(s) available for java.time.ZonedDateTime to : java.lang.String,java.sql.Timestamp
02:03:54,740 (main) DEBUG [DataNucleus.Persistence] - TypeConverter(s) available for java.time.ZoneId to : java.lang.String
02:03:54,740 (main) DEBUG [DataNucleus.Persistence] - TypeConverter(s) available for java.time.ZoneOffset to : java.lang.String
02:03:54,740 (main) DEBUG [DataNucleus.Persistence] - TypeConverter(s) available for java.util.BitSet to : java.lang.String
02:03:54,741 (main) DEBUG [DataNucleus.Persistence] - TypeConverter(s) available for java.util.Calendar to : java.lang.String,[Ljava.lang.Object;,java.sql.Timestamp,java.util.Date
02:03:54,741 (main) DEBUG [DataNucleus.Persistence] - TypeConverter(s) available for java.util.Currency to : java.lang.String
02:03:54,741 (main) DEBUG [DataNucleus.Persistence] - TypeConverter(s) available for java.util.Date to : java.lang.String,java.lang.Long
02:03:54,741 (main) DEBUG [DataNucleus.Persistence] - TypeConverter(s) available for java.util.Locale to : java.lang.String
02:03:54,741 (main) DEBUG [DataNucleus.Persistence] - TypeConverter(s) available for java.util.TimeZone to : java.lang.String
02:03:54,741 (main) DEBUG [DataNucleus.Persistence] - TypeConverter(s) available for java.util.UUID to : java.lang.String
02:03:54,741 (main) DEBUG [DataNucleus.MetaData] - MetaDataManager : Input=(XML,Annotations), XML-Validation=false, XML-Suffices=(persistence=*.jdo, orm=orm, query=*.jdoquery) mapping-name=oracle, JDO-listener=false
02:03:54,741 (main) DEBUG [DataNucleus.MetaData] - MetaData Management : Carga de Metadata del persistence-unit "SuperAndes" ...
02:03:54,741 (main) DEBUG [DataNucleus.MetaData] - MetaData Management : Carga de Metadata ya ha terminado
02:03:54,743 (main) DEBUG [DataNucleus.Datastore] - Creating StoreManager for datastore
02:03:54,878 (main) DEBUG [DataNucleus.Connection] - Creado ConnectionPool "tx" con data source de tipo dbcp2-builtin
02:03:54,878 (main) DEBUG [DataNucleus.Connection] - Registrado la factoria de connecciones transaccionales bajo el nombre "rdbms/tx"
02:03:54,878 (main) DEBUG [DataNucleus.Connection] - Registrado la factoria de connecciones nontransaccionales bajo el nombre "rdbms/nontx"
02:03:54,886 (main) DEBUG [DataNucleus.Connection] - Creado ConnectionPool "nontx" con data source de tipo dbcp2-builtin
02:03:55,755 (main) DEBUG [DataNucleus.Connection] - ManagedConnection ABIERTO : "org.datanucleus.store.rdbms.ConnectionFactoryImpl$ManagedConnectionImpl@35aea049 [conn=null, commitOnRelease=true, closeOnRelease=true, closeOnTxnEnd=true]" en resource "nontx"
02:03:55,986 (main) DEBUG [DataNucleus.Datastore] - No Soportando el tipo RDBMS de Java java.lang.Boolean, jdbc-type=BOOLEAN
02:03:55,986 (main) DEBUG [DataNucleus.Datastore] - Soporte de RDBMS configurado para el tipo "[B" con jdbc-types=[BLOB, VARBINARY, LONGVARBINARY], sql-types=[BLOB, VARBINARY, LONGVARBINARY] y defecto (jdbc-type=BLOB, sql-type=BLOB)
02:03:55,986 (main) DEBUG [DataNucleus.Datastore] - Soporte de RDBMS configurado para el tipo "java.io.File" con jdbc-types=[LONGVARBINARY], sql-types=[LONGVARBINARY] y defecto (jdbc-type=LONGVARBINARY, sql-type=LONGVARBINARY)
02:03:55,986 (main) DEBUG [DataNucleus.Datastore] - Soporte de RDBMS configurado para el tipo "java.io.Serializable" con jdbc-types=[BLOB, VARBINARY, LONGVARBINARY], sql-types=[BLOB, VARBINARY, LONGVARBINARY] y defecto (jdbc-type=BLOB, sql-type=BLOB)
02:03:55,986 (main) DEBUG [DataNucleus.Datastore] - Soporte de RDBMS configurado para el tipo "java.lang.Boolean" con jdbc-types=[NUMERIC, SMALLINT, CHAR, BIT, TINYINT], sql-types=[NUMERIC, SMALLINT, CHAR, BIT, TINYINT] y defecto (jdbc-type=NUMERIC, sql-type=NUMERIC)
02:03:55,986 (main) DEBUG [DataNucleus.Datastore] - Soporte de RDBMS configurado para el tipo "java.lang.Byte" con jdbc-types=[NUMERIC, SMALLINT, TINYINT], sql-types=[NUMERIC, SMALLINT, TINYINT] y defecto (jdbc-type=NUMERIC, sql-type=NUMERIC)
02:03:55,986 (main) DEBUG [DataNucleus.Datastore] - Soporte de RDBMS configurado para el tipo "java.lang.Character" con jdbc-types=[NUMERIC, CHAR, INTEGER], sql-types=[NUMERIC, CHAR, INTEGER] y defecto (jdbc-type=CHAR, sql-type=CHAR)
02:03:55,987 (main) DEBUG [DataNucleus.Datastore] - Soporte de RDBMS configurado para el tipo "java.lang.Double" con jdbc-types=[FLOAT, NUMERIC, DECIMAL, DOUBLE], sql-types=[FLOAT, NUMBER, DECIMAL, DOUBLE] y defecto (jdbc-type=FLOAT, sql-type=FLOAT)
02:03:55,987 (main) DEBUG [DataNucleus.Datastore] - Soporte de RDBMS configurado para el tipo "java.lang.Float" con jdbc-types=[FLOAT, NUMERIC, REAL, DECIMAL, DOUBLE], sql-types=[FLOAT, NUMBER, REAL, DECIMAL, DOUBLE] y defecto (jdbc-type=FLOAT, sql-type=FLOAT)
02:03:55,987 (main) DEBUG [DataNucleus.Datastore] - Soporte de RDBMS configurado para el tipo "java.lang.Integer" con jdbc-types=[NUMERIC, SMALLINT, BIGINT, TINYINT, INTEGER], sql-types=[NUMERIC, NUMBER, SMALLINT, BIGINT, TINYINT, INTEGER] y defecto (jdbc-type=NUMERIC, sql-type=NUMERIC)
02:03:55,987 (main) DEBUG [DataNucleus.Datastore] - Soporte de RDBMS configurado para el tipo "java.lang.Long" con jdbc-types=[NUMERIC, SMALLINT, BIGINT, TINYINT, INTEGER], sql-types=[NUMERIC, NUMBER, SMALLINT, BIGINT, INT, TINYINT] y defecto (jdbc-type=NUMERIC, sql-type=NUMERIC)
02:03:55,987 (main) DEBUG [DataNucleus.Datastore] - Soporte de RDBMS configurado para el tipo "java.lang.Short" con jdbc-types=[NUMERIC, SMALLINT, TINYINT, INTEGER], sql-types=[NUMERIC, NUMBER, SMALLINT, TINYINT, INTEGER] y defecto (jdbc-type=NUMERIC, sql-type=NUMERIC)
02:03:55,987 (main) DEBUG [DataNucleus.Datastore] - Soporte de RDBMS configurado para el tipo "java.lang.String" con jdbc-types=[XMLTYPE, BLOB, LONGVARCHAR, CLOB, VARCHAR, CHAR, BIGINT, NVARCHAR, NCHAR], sql-types=[NVARCHAR2, XMLTYPE, BLOB, LONGVARCHAR, CLOB, VARCHAR, CHAR, BIGINT, NVARCHAR, NCHAR] y defecto (jdbc-type=VARCHAR, sql-type=VARCHAR)
02:03:55,987 (main) DEBUG [DataNucleus.Datastore] - Soporte de RDBMS configurado para el tipo "java.math.BigDecimal" con jdbc-types=[NUMERIC, DECIMAL], sql-types=[NUMERIC, NUMBER, DECIMAL] y defecto (jdbc-type=NUMERIC, sql-type=NUMERIC)
02:03:55,987 (main) DEBUG [DataNucleus.Datastore] - Soporte de RDBMS configurado para el tipo "java.math.BigInteger" con jdbc-types=[NUMERIC], sql-types=[NUMERIC, NUMBER] y defecto (jdbc-type=NUMERIC, sql-type=NUMERIC)
02:03:55,987 (main) DEBUG [DataNucleus.Datastore] - Soporte de RDBMS configurado para el tipo "java.sql.Date" con jdbc-types=[DATE, TIMESTAMP, VARCHAR, CHAR, BIGINT], sql-types=[DATE, TIMESTAMP, VARCHAR, CHAR, BIGINT] y defecto (jdbc-type=DATE, sql-type=DATE)
02:03:55,987 (main) DEBUG [DataNucleus.Datastore] - Soporte de RDBMS configurado para el tipo "java.sql.Time" con jdbc-types=[TIMESTAMP, VARCHAR, CHAR, TIME, BIGINT], sql-types=[TIMESTAMP, VARCHAR, CHAR, TIME, BIGINT] y defecto (jdbc-type=TIME, sql-type=TIME)
02:03:55,987 (main) DEBUG [DataNucleus.Datastore] - Soporte de RDBMS configurado para el tipo "java.sql.Timestamp" con jdbc-types=[DATE, TIMESTAMP, VARCHAR, CHAR, TIME], sql-types=[DATE, TIMESTAMP, VARCHAR, CHAR, TIME] y defecto (jdbc-type=TIMESTAMP, sql-type=TIMESTAMP)
02:03:55,987 (main) DEBUG [DataNucleus.Datastore] - Soporte de RDBMS configurado para el tipo "java.util.Date" con jdbc-types=[DATE, TIMESTAMP, VARCHAR, CHAR, TIME, BIGINT], sql-types=[DATE, TIMESTAMP, VARCHAR, CHAR, TIME, BIGINT] y defecto (jdbc-type=TIMESTAMP, sql-type=TIMESTAMP)
02:03:55,987 (main) DEBUG [DataNucleus.Datastore] - Soporte de RDBMS configurado para el tipo "org.datanucleus.identity.DatastoreId" con jdbc-types=[NUMERIC, VARCHAR, CHAR, BIGINT, INTEGER], sql-types=[NUMERIC, VARCHAR, CHAR, BIGINT, INTEGER] y defecto (jdbc-type=NUMERIC, sql-type=NUMERIC)
02:03:56,007 (main) DEBUG [DataNucleus.Datastore] - ======================= Datastore =========================
02:03:56,007 (main) DEBUG [DataNucleus.Datastore] - StoreManager : "rdbms" (org.datanucleus.store.rdbms.RDBMSStoreManager)
02:03:56,008 (main) DEBUG [DataNucleus.Datastore] - Datastore : read-write
02:03:56,008 (main) DEBUG [DataNucleus.Datastore] - Schema Control : AutoCreate(None), Validate(None)
02:03:56,008 (main) DEBUG [DataNucleus.Datastore] - Schema : NamingFactory=datanucleus2 identifierCase=null
02:03:56,008 (main) DEBUG [DataNucleus.Datastore] - Query Languages : JDOQL, JPQL, STOREDPROC, SQL
02:03:56,008 (main) DEBUG [DataNucleus.Datastore] - Queries : Timeout=0
02:03:56,008 (main) DEBUG [DataNucleus.Datastore] - ===========================================================
02:03:56,008 (main) DEBUG [DataNucleus.Datastore] - Datastore Adapter : org.datanucleus.store.rdbms.adapter.OracleAdapter
02:03:56,008 (main) DEBUG [DataNucleus.Datastore] - Datastore : name="Oracle" version="Oracle Database 12c Enterprise Edition Release 12.1.0.2.0 - 64bit Production
With the Partitioning, OLAP, Advanced Analytics and Real Application Testing options"
02:03:56,008 (main) DEBUG [DataNucleus.Datastore] - Datastore Driver : name="Oracle JDBC driver" version="12.2.0.1.0"
02:03:56,008 (main) DEBUG [DataNucleus.Datastore] - Primary Connection Factory : URL[jdbc:oracle:thin:@fn3.oracle.virtual.uniandes.edu.co:1521:prod]
02:03:56,008 (main) DEBUG [DataNucleus.Datastore] - Secondary Connection Factory : URL[jdbc:oracle:thin:@fn3.oracle.virtual.uniandes.edu.co:1521:prod]
02:03:56,008 (main) DEBUG [DataNucleus.Datastore] - Datastore Identifiers : factory="datanucleus2" case=UPPERCASE schema=ISIS2304A261820
02:03:56,008 (main) DEBUG [DataNucleus.Datastore] - Supported Identifier Cases : "MixedCase" UPPERCASE "MixedCase-Sensitive" 
02:03:56,009 (main) DEBUG [DataNucleus.Datastore] - Supported Identifier Lengths (max) : Table=30 Column=30 Constraint=30 Index=30 Delimiter="
02:03:56,009 (main) DEBUG [DataNucleus.Datastore] - Support for Identifiers in DDL : catalog=false schema=true
02:03:56,009 (main) DEBUG [DataNucleus.Datastore] - Datastore : checkTableViewExistence, rdbmsConstraintCreateMode=DataNucleus, initialiseColumnInfo=ALL
02:03:56,009 (main) DEBUG [DataNucleus.Datastore] - Support Statement Batching : yes (max-batch-size=50)
02:03:56,009 (main) DEBUG [DataNucleus.Datastore] - Queries : Results direction=forward, type=forward-only, concurrency=read-only
02:03:56,009 (main) DEBUG [DataNucleus.Datastore] - Java-Types : string-default-length=255
02:03:56,009 (main) DEBUG [DataNucleus.Datastore] - JDBC-Types : NCLOB, NCHAR, [id=2007], REF, CLOB, BLOB, ARRAY, STRUCT, DATE, TIME, TIMESTAMP, VARCHAR, LONGVARCHAR, VARBINARY, LONGVARBINARY, BIGINT, TINYINT, BIT, NVARCHAR, [id=-101], CHAR, [id=-103], NUMERIC, [id=-102], DECIMAL, INTEGER, SMALLINT, FLOAT, REAL, DOUBLE, [id=-104]
02:03:56,009 (main) DEBUG [DataNucleus.Datastore] - ===========================================================
02:03:56,009 (main) DEBUG [DataNucleus.Connection] - ManagedConnection CERRADO : "org.datanucleus.store.rdbms.ConnectionFactoryImpl$ManagedConnectionImpl@35aea049 [conn=org.datanucleus.store.rdbms.datasource.dbcp2.PoolingDataSource$PoolGuardConnectionWrapper@47c81abf, commitOnRelease=true, closeOnRelease=true, closeOnTxnEnd=true]" 
02:03:56,010 (main) DEBUG [DataNucleus.Datastore] - StoreManager now created
02:03:56,012 (main) DEBUG [DataNucleus.Persistence] - Started pool of ExecutionContext (maxPool=20, reaperThread=false)
02:03:56,016 (main) DEBUG [DataNucleus.Persistence] - ================= NucleusContext ===============
02:03:56,016 (main) DEBUG [DataNucleus.Persistence] - DataNucleus Context : Versión: "5.1.10" con JRE "1.8.0_111" en "Windows 10"
02:03:56,017 (main) DEBUG [DataNucleus.Persistence] - Persistence API : JDO
02:03:56,017 (main) DEBUG [DataNucleus.Persistence] - Persistence-Unit : SuperAndes
02:03:56,018 (main) DEBUG [DataNucleus.Persistence] - Plugin Registry : org.datanucleus.plugin.NonManagedPluginRegistry
02:03:56,018 (main) DEBUG [DataNucleus.Persistence] - ClassLoading : default
02:03:56,018 (main) DEBUG [DataNucleus.Persistence] - Persistence : pm-singlethreaded, nontransactional-read, nontransactional-write, reachability-at-commit, copy-on-attach, managed-relations(checked), deletion-policy=JDO2, serverTimeZone=America/Bogota
02:03:56,018 (main) DEBUG [DataNucleus.Persistence] - Transactions : type=RESOURCE_LOCAL, mode=datastore, isolation=read-committed
02:03:56,019 (main) DEBUG [DataNucleus.Persistence] - ValueGeneration : txn-isolation=read-committed connection=New
02:03:56,019 (main) DEBUG [DataNucleus.Persistence] - Cache : Level1 (soft), Level2 (soft, mode=UNSPECIFIED), QueryResults (soft), Collections/Maps 
02:03:56,019 (main) DEBUG [DataNucleus.Persistence] - ================================================
02:04:09,190 (AWT-EventQueue-0) DEBUG [DataNucleus.Persistence] - ExecutionContext "org.datanucleus.ExecutionContextImpl@4f995acd" se abrió para la base de datos "org.datanucleus.store.rdbms.RDBMSStoreManager@24a84d81" con transaccion="org.datanucleus.TransactionImpl@7b6d6bd9"
02:04:09,196 (AWT-EventQueue-0) DEBUG [DataNucleus.Transaction] - Transaction created [DataNucleus Transaction, ID=-1259690433-1, enlisted resources=[]]
02:04:09,196 (AWT-EventQueue-0) DEBUG [DataNucleus.Transaction] - Transacción empezada para el ExecutionContext org.datanucleus.ExecutionContextImpl@4f995acd (optimistic=false)
02:04:09,197 (AWT-EventQueue-0) DEBUG [DataNucleus.Transaction] - Haciendo rollback de la transacción para el ExecutionContext org.datanucleus.ExecutionContextImpl@4f995acd
02:04:09,198 (AWT-EventQueue-0) DEBUG [DataNucleus.Transaction] - Rolling back [DataNucleus Transaction, ID=-1259690433-1, enlisted resources=[]]
02:04:09,198 (AWT-EventQueue-0) DEBUG [DataNucleus.Transaction] - Transacción rolled back en 1 ms
02:04:09,199 (AWT-EventQueue-0) DEBUG [DataNucleus.Persistence] - ExecutionContext "org.datanucleus.ExecutionContextImpl@4f995acd" se cerró
